<?xml version="1.0" encoding="UTF-8"?>
<testng-results ignored="0" total="1" passed="1" failed="0" skipped="0">
  <reporter-output>
  </reporter-output>
  <suite started-at="2023-08-05T10:51:23 IST" name="Default suite" finished-at="2023-08-05T10:51:23 IST" duration-ms="172">
    <groups>
    </groups>
    <test started-at="2023-08-05T10:51:23 IST" name="Default test" finished-at="2023-08-05T10:51:23 IST" duration-ms="172">
      <class name="sample.Demo">
        <test-method signature="sample()[pri:0, instance:sample.Demo@932bc4a]" started-at="2023-08-05T10:51:23 IST" name="sample" finished-at="2023-08-05T10:51:23 IST" duration-ms="26" status="PASS">
          <reporter-output>
          </reporter-output>
        </test-method> <!-- sample -->
      </class> <!-- sample.Demo -->
    </test> <!-- Default test -->
  </suite> <!-- Default suite -->
</testng-results>
